mode: set
github.com/Microsoft/confidential-sidecar-containers/pkg/common/crypto.go:22.86,28.16 4 0
github.com/Microsoft/confidential-sidecar-containers/pkg/common/crypto.go:32.2,32.46 1 0
github.com/Microsoft/confidential-sidecar-containers/pkg/common/crypto.go:36.2,36.55 1 0
github.com/Microsoft/confidential-sidecar-containers/pkg/common/crypto.go:40.2,40.19 1 0
github.com/Microsoft/confidential-sidecar-containers/pkg/common/crypto.go:28.16,30.3 1 0
github.com/Microsoft/confidential-sidecar-containers/pkg/common/crypto.go:32.46,34.3 1 0
github.com/Microsoft/confidential-sidecar-containers/pkg/common/crypto.go:36.55,38.3 1 0
github.com/Microsoft/confidential-sidecar-containers/pkg/common/crypto.go:44.73,47.16 2 0
github.com/Microsoft/confidential-sidecar-containers/pkg/common/crypto.go:51.2,57.16 4 0
github.com/Microsoft/confidential-sidecar-containers/pkg/common/crypto.go:61.2,61.25 1 0
github.com/Microsoft/confidential-sidecar-containers/pkg/common/crypto.go:47.16,49.3 1 0
github.com/Microsoft/confidential-sidecar-containers/pkg/common/crypto.go:57.16,59.3 1 0
github.com/Microsoft/confidential-sidecar-containers/pkg/common/crypto.go:65.69,66.80 1 0
github.com/Microsoft/confidential-sidecar-containers/pkg/common/crypto.go:66.80,68.3 1 0
github.com/Microsoft/confidential-sidecar-containers/pkg/common/crypto.go:68.8,70.3 1 0
github.com/Microsoft/confidential-sidecar-containers/pkg/common/crypto.go:74.74,77.82 2 0
github.com/Microsoft/confidential-sidecar-containers/pkg/common/crypto.go:77.82,79.3 1 0
github.com/Microsoft/confidential-sidecar-containers/pkg/common/crypto.go:79.8,81.3 1 0
github.com/Microsoft/confidential-sidecar-containers/pkg/common/crypto.go:84.68,86.16 2 1
github.com/Microsoft/confidential-sidecar-containers/pkg/common/crypto.go:90.2,98.63 2 1
github.com/Microsoft/confidential-sidecar-containers/pkg/common/crypto.go:101.2,102.16 2 1
github.com/Microsoft/confidential-sidecar-containers/pkg/common/crypto.go:105.2,106.16 2 1
github.com/Microsoft/confidential-sidecar-containers/pkg/common/crypto.go:109.2,110.16 2 1
github.com/Microsoft/confidential-sidecar-containers/pkg/common/crypto.go:113.2,114.16 2 1
github.com/Microsoft/confidential-sidecar-containers/pkg/common/crypto.go:117.2,118.16 2 1
github.com/Microsoft/confidential-sidecar-containers/pkg/common/crypto.go:122.2,134.17 2 1
github.com/Microsoft/confidential-sidecar-containers/pkg/common/crypto.go:86.16,88.3 1 0
github.com/Microsoft/confidential-sidecar-containers/pkg/common/crypto.go:98.63,100.3 1 0
github.com/Microsoft/confidential-sidecar-containers/pkg/common/crypto.go:102.16,104.3 1 0
github.com/Microsoft/confidential-sidecar-containers/pkg/common/crypto.go:106.16,108.3 1 0
github.com/Microsoft/confidential-sidecar-containers/pkg/common/crypto.go:110.16,112.3 1 0
github.com/Microsoft/confidential-sidecar-containers/pkg/common/crypto.go:114.16,116.3 1 0
github.com/Microsoft/confidential-sidecar-containers/pkg/common/crypto.go:118.16,120.3 1 0
github.com/Microsoft/confidential-sidecar-containers/pkg/common/http.go:14.69,15.53 1 0
github.com/Microsoft/confidential-sidecar-containers/pkg/common/http.go:20.2,22.16 2 0
github.com/Microsoft/confidential-sidecar-containers/pkg/common/http.go:26.2,26.35 1 0
github.com/Microsoft/confidential-sidecar-containers/pkg/common/http.go:15.53,18.3 2 0
github.com/Microsoft/confidential-sidecar-containers/pkg/common/http.go:22.16,24.3 1 0
github.com/Microsoft/confidential-sidecar-containers/pkg/common/http.go:29.72,31.16 2 0
github.com/Microsoft/confidential-sidecar-containers/pkg/common/http.go:35.2,35.14 1 0
github.com/Microsoft/confidential-sidecar-containers/pkg/common/http.go:39.2,39.33 1 0
github.com/Microsoft/confidential-sidecar-containers/pkg/common/http.go:31.16,33.3 1 0
github.com/Microsoft/confidential-sidecar-containers/pkg/common/http.go:35.14,37.3 1 0
github.com/Microsoft/confidential-sidecar-containers/pkg/common/http.go:42.116,43.45 1 0
github.com/Microsoft/confidential-sidecar-containers/pkg/common/http.go:47.2,48.16 2 0
github.com/Microsoft/confidential-sidecar-containers/pkg/common/http.go:52.2,53.30 2 0
github.com/Microsoft/confidential-sidecar-containers/pkg/common/http.go:57.2,57.33 1 0
github.com/Microsoft/confidential-sidecar-containers/pkg/common/http.go:43.45,45.3 1 0
github.com/Microsoft/confidential-sidecar-containers/pkg/common/http.go:48.16,50.3 1 0
github.com/Microsoft/confidential-sidecar-containers/pkg/common/http.go:53.30,55.3 1 0
github.com/Microsoft/confidential-sidecar-containers/pkg/common/http.go:60.68,61.70 1 0
github.com/Microsoft/confidential-sidecar-containers/pkg/common/http.go:66.2,68.16 3 0
github.com/Microsoft/confidential-sidecar-containers/pkg/common/http.go:72.2,72.35 1 0
github.com/Microsoft/confidential-sidecar-containers/pkg/common/http.go:61.70,63.3 1 0
github.com/Microsoft/confidential-sidecar-containers/pkg/common/http.go:68.16,70.3 1 0
github.com/Microsoft/confidential-sidecar-containers/pkg/common/info.go:35.100,38.16 3 0
github.com/Microsoft/confidential-sidecar-containers/pkg/common/info.go:42.2,42.22 1 0
github.com/Microsoft/confidential-sidecar-containers/pkg/common/info.go:47.2,48.16 2 0
github.com/Microsoft/confidential-sidecar-containers/pkg/common/info.go:52.2,54.22 2 0
github.com/Microsoft/confidential-sidecar-containers/pkg/common/info.go:58.2,62.16 4 0
github.com/Microsoft/confidential-sidecar-containers/pkg/common/info.go:66.2,66.35 1 0
github.com/Microsoft/confidential-sidecar-containers/pkg/common/info.go:38.16,40.3 1 0
github.com/Microsoft/confidential-sidecar-containers/pkg/common/info.go:42.22,44.3 1 0
github.com/Microsoft/confidential-sidecar-containers/pkg/common/info.go:48.16,50.3 1 0
github.com/Microsoft/confidential-sidecar-containers/pkg/common/info.go:54.22,56.3 1 0
github.com/Microsoft/confidential-sidecar-containers/pkg/common/info.go:62.16,64.3 1 0
github.com/Microsoft/confidential-sidecar-containers/pkg/common/info.go:85.50,88.30 3 0
github.com/Microsoft/confidential-sidecar-containers/pkg/common/info.go:88.30,90.3 1 0
github.com/Microsoft/confidential-sidecar-containers/pkg/common/info.go:90.8,92.3 1 0
github.com/Microsoft/confidential-sidecar-containers/pkg/common/info.go:95.57,100.22 3 0
github.com/Microsoft/confidential-sidecar-containers/pkg/common/info.go:104.2,104.36 1 0
github.com/Microsoft/confidential-sidecar-containers/pkg/common/info.go:110.2,113.22 3 0
github.com/Microsoft/confidential-sidecar-containers/pkg/common/info.go:118.2,118.35 1 0
github.com/Microsoft/confidential-sidecar-containers/pkg/common/info.go:100.22,102.3 1 0
github.com/Microsoft/confidential-sidecar-containers/pkg/common/info.go:104.36,106.17 2 0
github.com/Microsoft/confidential-sidecar-containers/pkg/common/info.go:106.17,108.4 1 0
github.com/Microsoft/confidential-sidecar-containers/pkg/common/info.go:113.22,116.3 2 0
github.com/Microsoft/confidential-sidecar-containers/pkg/common/info.go:130.75,133.16 3 0
github.com/Microsoft/confidential-sidecar-containers/pkg/common/info.go:136.2,136.26 1 0
github.com/Microsoft/confidential-sidecar-containers/pkg/common/info.go:133.16,135.3 1 0
github.com/Microsoft/confidential-sidecar-containers/pkg/common/info.go:139.59,143.30 4 0
github.com/Microsoft/confidential-sidecar-containers/pkg/common/info.go:167.2,169.16 3 0
github.com/Microsoft/confidential-sidecar-containers/pkg/common/info.go:172.2,174.22 2 0
github.com/Microsoft/confidential-sidecar-containers/pkg/common/info.go:179.2,179.35 1 0
github.com/Microsoft/confidential-sidecar-containers/pkg/common/info.go:143.30,145.3 1 0
github.com/Microsoft/confidential-sidecar-containers/pkg/common/info.go:169.16,171.3 1 0
github.com/Microsoft/confidential-sidecar-containers/pkg/common/info.go:174.22,177.3 2 0
github.com/Microsoft/confidential-sidecar-containers/pkg/common/token.go:32.75,39.22 3 0
github.com/Microsoft/confidential-sidecar-containers/pkg/common/token.go:43.2,45.16 2 0
github.com/Microsoft/confidential-sidecar-containers/pkg/common/token.go:49.2,50.16 2 0
github.com/Microsoft/confidential-sidecar-containers/pkg/common/token.go:55.2,56.16 2 0
github.com/Microsoft/confidential-sidecar-containers/pkg/common/token.go:60.2,60.15 1 0
github.com/Microsoft/confidential-sidecar-containers/pkg/common/token.go:39.22,41.3 1 0
github.com/Microsoft/confidential-sidecar-containers/pkg/common/token.go:45.16,47.3 1 0
github.com/Microsoft/confidential-sidecar-containers/pkg/common/token.go:50.16,52.3 1 0
github.com/Microsoft/confidential-sidecar-containers/pkg/common/token.go:56.16,58.3 1 0
