mode: set
github.com/Microsoft/confidential-sidecar-containers/pkg/attest/attest.go:26.91,29.67 2 0
github.com/Microsoft/confidential-sidecar-containers/pkg/attest/attest.go:37.2,38.16 2 0
github.com/Microsoft/confidential-sidecar-containers/pkg/attest/attest.go:41.2,44.16 3 0
github.com/Microsoft/confidential-sidecar-containers/pkg/attest/attest.go:48.2,48.29 1 0
github.com/Microsoft/confidential-sidecar-containers/pkg/attest/attest.go:52.2,53.47 2 0
github.com/Microsoft/confidential-sidecar-containers/pkg/attest/attest.go:29.67,31.74 1 0
github.com/Microsoft/confidential-sidecar-containers/pkg/attest/attest.go:31.74,34.4 1 0
github.com/Microsoft/confidential-sidecar-containers/pkg/attest/attest.go:38.16,40.3 1 0
github.com/Microsoft/confidential-sidecar-containers/pkg/attest/attest.go:44.16,46.3 1 0
github.com/Microsoft/confidential-sidecar-containers/pkg/attest/attest.go:48.29,50.3 1 0
github.com/Microsoft/confidential-sidecar-containers/pkg/attest/attest.go:56.94,59.16 2 0
github.com/Microsoft/confidential-sidecar-containers/pkg/attest/attest.go:62.2,63.27 2 0
github.com/Microsoft/confidential-sidecar-containers/pkg/attest/attest.go:59.16,61.3 1 0
github.com/Microsoft/confidential-sidecar-containers/pkg/attest/attest.go:67.83,70.67 2 0
github.com/Microsoft/confidential-sidecar-containers/pkg/attest/attest.go:78.2,79.16 2 0
github.com/Microsoft/confidential-sidecar-containers/pkg/attest/attest.go:83.2,85.48 2 0
github.com/Microsoft/confidential-sidecar-containers/pkg/attest/attest.go:70.67,72.74 1 0
github.com/Microsoft/confidential-sidecar-containers/pkg/attest/attest.go:72.74,75.4 1 0
github.com/Microsoft/confidential-sidecar-containers/pkg/attest/attest.go:79.16,81.3 1 0
github.com/Microsoft/confidential-sidecar-containers/pkg/attest/attest.go:100.124,103.16 2 0
github.com/Microsoft/confidential-sidecar-containers/pkg/attest/attest.go:109.2,110.67 2 0
github.com/Microsoft/confidential-sidecar-containers/pkg/attest/attest.go:114.2,119.45 3 0
github.com/Microsoft/confidential-sidecar-containers/pkg/attest/attest.go:153.2,155.16 2 0
github.com/Microsoft/confidential-sidecar-containers/pkg/attest/attest.go:160.2,161.34 2 0
github.com/Microsoft/confidential-sidecar-containers/pkg/attest/attest.go:165.2,165.22 1 0
github.com/Microsoft/confidential-sidecar-containers/pkg/attest/attest.go:103.16,105.3 1 0
github.com/Microsoft/confidential-sidecar-containers/pkg/attest/attest.go:110.67,112.3 1 0
github.com/Microsoft/confidential-sidecar-containers/pkg/attest/attest.go:119.45,122.17 2 0
github.com/Microsoft/confidential-sidecar-containers/pkg/attest/attest.go:126.3,126.46 1 0
github.com/Microsoft/confidential-sidecar-containers/pkg/attest/attest.go:122.17,124.4 1 0
github.com/Microsoft/confidential-sidecar-containers/pkg/attest/attest.go:126.46,129.18 2 0
github.com/Microsoft/confidential-sidecar-containers/pkg/attest/attest.go:133.4,133.69 1 0
github.com/Microsoft/confidential-sidecar-containers/pkg/attest/attest.go:138.4,139.18 2 0
github.com/Microsoft/confidential-sidecar-containers/pkg/attest/attest.go:144.4,144.47 1 0
github.com/Microsoft/confidential-sidecar-containers/pkg/attest/attest.go:129.18,131.5 1 0
github.com/Microsoft/confidential-sidecar-containers/pkg/attest/attest.go:133.69,135.5 1 0
github.com/Microsoft/confidential-sidecar-containers/pkg/attest/attest.go:139.18,141.5 1 0
github.com/Microsoft/confidential-sidecar-containers/pkg/attest/attest.go:144.47,146.5 1 0
github.com/Microsoft/confidential-sidecar-containers/pkg/attest/attest.go:148.8,151.3 2 0
github.com/Microsoft/confidential-sidecar-containers/pkg/attest/attest.go:155.16,157.3 1 0
github.com/Microsoft/confidential-sidecar-containers/pkg/attest/attest.go:161.34,163.3 1 0
github.com/Microsoft/confidential-sidecar-containers/pkg/attest/certcache.go:49.72,52.25 2 1
github.com/Microsoft/confidential-sidecar-containers/pkg/attest/certcache.go:66.2,66.54 1 0
github.com/Microsoft/confidential-sidecar-containers/pkg/attest/certcache.go:52.25,55.34 3 1
github.com/Microsoft/confidential-sidecar-containers/pkg/attest/certcache.go:55.34,57.18 2 1
github.com/Microsoft/confidential-sidecar-containers/pkg/attest/certcache.go:61.4,61.52 1 1
github.com/Microsoft/confidential-sidecar-containers/pkg/attest/certcache.go:57.18,59.5 1 0
github.com/Microsoft/confidential-sidecar-containers/pkg/attest/certcache.go:61.52,63.5 1 1
github.com/Microsoft/confidential-sidecar-containers/pkg/attest/certcache.go:71.66,73.16 2 1
github.com/Microsoft/confidential-sidecar-containers/pkg/attest/certcache.go:77.2,79.42 2 1
github.com/Microsoft/confidential-sidecar-containers/pkg/attest/certcache.go:109.2,109.51 1 1
github.com/Microsoft/confidential-sidecar-containers/pkg/attest/certcache.go:73.16,75.3 1 0
github.com/Microsoft/confidential-sidecar-containers/pkg/attest/certcache.go:79.42,80.26 1 1
github.com/Microsoft/confidential-sidecar-containers/pkg/attest/certcache.go:83.33,84.73 1 1
github.com/Microsoft/confidential-sidecar-containers/pkg/attest/certcache.go:86.33,87.74 1 1
github.com/Microsoft/confidential-sidecar-containers/pkg/attest/certcache.go:89.33,90.76 1 1
github.com/Microsoft/confidential-sidecar-containers/pkg/attest/certcache.go:92.33,93.76 1 1
github.com/Microsoft/confidential-sidecar-containers/pkg/attest/certcache.go:95.33,96.76 1 1
github.com/Microsoft/confidential-sidecar-containers/pkg/attest/certcache.go:98.33,99.76 1 1
github.com/Microsoft/confidential-sidecar-containers/pkg/attest/certcache.go:101.33,102.74 1 1
github.com/Microsoft/confidential-sidecar-containers/pkg/attest/certcache.go:104.33,105.76 1 1
github.com/Microsoft/confidential-sidecar-containers/pkg/attest/certcache.go:126.109,135.32 6 1
github.com/Microsoft/confidential-sidecar-containers/pkg/attest/certcache.go:135.32,136.35 1 1
github.com/Microsoft/confidential-sidecar-containers/pkg/attest/certcache.go:137.14,141.18 3 0
github.com/Microsoft/confidential-sidecar-containers/pkg/attest/certcache.go:144.4,145.18 2 0
github.com/Microsoft/confidential-sidecar-containers/pkg/attest/certcache.go:149.4,154.18 4 0
github.com/Microsoft/confidential-sidecar-containers/pkg/attest/certcache.go:157.4,158.18 2 0
github.com/Microsoft/confidential-sidecar-containers/pkg/attest/certcache.go:163.4,165.42 2 0
github.com/Microsoft/confidential-sidecar-containers/pkg/attest/certcache.go:166.20,170.18 3 0
github.com/Microsoft/confidential-sidecar-containers/pkg/attest/certcache.go:173.4,174.18 2 0
github.com/Microsoft/confidential-sidecar-containers/pkg/attest/certcache.go:178.4,179.18 2 0
github.com/Microsoft/confidential-sidecar-containers/pkg/attest/certcache.go:183.4,183.43 1 0
github.com/Microsoft/confidential-sidecar-containers/pkg/attest/certcache.go:184.18,187.18 3 1
github.com/Microsoft/confidential-sidecar-containers/pkg/attest/certcache.go:190.4,191.18 2 1
github.com/Microsoft/confidential-sidecar-containers/pkg/attest/certcache.go:194.4,195.18 2 1
github.com/Microsoft/confidential-sidecar-containers/pkg/attest/certcache.go:198.4,198.35 1 1
github.com/Microsoft/confidential-sidecar-containers/pkg/attest/certcache.go:199.11,200.94 1 1
github.com/Microsoft/confidential-sidecar-containers/pkg/attest/certcache.go:141.18,143.5 1 0
github.com/Microsoft/confidential-sidecar-containers/pkg/attest/certcache.go:145.18,147.5 1 0
github.com/Microsoft/confidential-sidecar-containers/pkg/attest/certcache.go:154.18,156.5 1 0
github.com/Microsoft/confidential-sidecar-containers/pkg/attest/certcache.go:158.18,160.5 1 0
github.com/Microsoft/confidential-sidecar-containers/pkg/attest/certcache.go:170.18,172.5 1 0
github.com/Microsoft/confidential-sidecar-containers/pkg/attest/certcache.go:174.18,176.5 1 0
github.com/Microsoft/confidential-sidecar-containers/pkg/attest/certcache.go:179.18,181.5 1 0
github.com/Microsoft/confidential-sidecar-containers/pkg/attest/certcache.go:187.18,189.5 1 0
github.com/Microsoft/confidential-sidecar-containers/pkg/attest/certcache.go:191.18,193.5 1 1
github.com/Microsoft/confidential-sidecar-containers/pkg/attest/certcache.go:195.18,197.5 1 0
github.com/Microsoft/confidential-sidecar-containers/pkg/attest/certcache.go:202.8,204.3 1 0
github.com/Microsoft/confidential-sidecar-containers/pkg/attest/certcache.go:207.104,209.2 1 0
github.com/Microsoft/confidential-sidecar-containers/pkg/attest/maa.go:67.172,72.29 3 1
github.com/Microsoft/confidential-sidecar-containers/pkg/attest/maa.go:77.2,82.16 3 1
github.com/Microsoft/confidential-sidecar-containers/pkg/attest/maa.go:86.2,88.29 2 1
github.com/Microsoft/confidential-sidecar-containers/pkg/attest/maa.go:105.2,107.32 2 1
github.com/Microsoft/confidential-sidecar-containers/pkg/attest/maa.go:130.2,132.29 2 1
github.com/Microsoft/confidential-sidecar-containers/pkg/attest/maa.go:138.2,146.32 2 1
github.com/Microsoft/confidential-sidecar-containers/pkg/attest/maa.go:153.2,156.22 3 1
github.com/Microsoft/confidential-sidecar-containers/pkg/attest/maa.go:72.29,75.3 2 0
github.com/Microsoft/confidential-sidecar-containers/pkg/attest/maa.go:82.16,84.3 1 0
github.com/Microsoft/confidential-sidecar-containers/pkg/attest/maa.go:88.29,91.3 2 0
github.com/Microsoft/confidential-sidecar-containers/pkg/attest/maa.go:107.32,116.17 3 1
github.com/Microsoft/confidential-sidecar-containers/pkg/attest/maa.go:116.17,118.4 1 0
github.com/Microsoft/confidential-sidecar-containers/pkg/attest/maa.go:119.8,125.17 3 0
github.com/Microsoft/confidential-sidecar-containers/pkg/attest/maa.go:125.17,127.4 1 0
github.com/Microsoft/confidential-sidecar-containers/pkg/attest/maa.go:132.29,135.3 2 0
github.com/Microsoft/confidential-sidecar-containers/pkg/attest/maa.go:146.32,151.3 1 0
github.com/Microsoft/confidential-sidecar-containers/pkg/attest/maa.go:171.177,174.16 2 1
github.com/Microsoft/confidential-sidecar-containers/pkg/attest/maa.go:178.2,179.16 2 1
github.com/Microsoft/confidential-sidecar-containers/pkg/attest/maa.go:182.2,184.29 2 1
github.com/Microsoft/confidential-sidecar-containers/pkg/attest/maa.go:189.2,191.16 3 1
github.com/Microsoft/confidential-sidecar-containers/pkg/attest/maa.go:195.2,196.16 2 1
github.com/Microsoft/confidential-sidecar-containers/pkg/attest/maa.go:203.2,207.75 2 1
github.com/Microsoft/confidential-sidecar-containers/pkg/attest/maa.go:211.2,211.29 1 1
github.com/Microsoft/confidential-sidecar-containers/pkg/attest/maa.go:215.2,216.31 2 1
github.com/Microsoft/confidential-sidecar-containers/pkg/attest/maa.go:174.16,176.3 1 0
github.com/Microsoft/confidential-sidecar-containers/pkg/attest/maa.go:179.16,181.3 1 0
github.com/Microsoft/confidential-sidecar-containers/pkg/attest/maa.go:184.29,186.3 1 0
github.com/Microsoft/confidential-sidecar-containers/pkg/attest/maa.go:191.16,193.3 1 0
github.com/Microsoft/confidential-sidecar-containers/pkg/attest/maa.go:196.16,200.3 3 1
github.com/Microsoft/confidential-sidecar-containers/pkg/attest/maa.go:207.75,209.3 1 0
github.com/Microsoft/confidential-sidecar-containers/pkg/attest/maa.go:211.29,213.3 1 0
github.com/Microsoft/confidential-sidecar-containers/pkg/attest/snp.go:76.72,78.34 1 1
github.com/Microsoft/confidential-sidecar-containers/pkg/attest/snp.go:82.2,109.12 27 1
github.com/Microsoft/confidential-sidecar-containers/pkg/attest/snp.go:78.34,80.3 1 1
github.com/Microsoft/confidential-sidecar-containers/pkg/attest/snp.go:112.78,120.16 6 1
github.com/Microsoft/confidential-sidecar-containers/pkg/attest/snp.go:123.2,123.42 1 1
github.com/Microsoft/confidential-sidecar-containers/pkg/attest/snp.go:127.2,128.16 2 1
github.com/Microsoft/confidential-sidecar-containers/pkg/attest/snp.go:131.2,131.41 1 1
github.com/Microsoft/confidential-sidecar-containers/pkg/attest/snp.go:135.2,143.16 8 1
github.com/Microsoft/confidential-sidecar-containers/pkg/attest/snp.go:146.2,146.44 1 1
github.com/Microsoft/confidential-sidecar-containers/pkg/attest/snp.go:150.2,151.16 2 1
github.com/Microsoft/confidential-sidecar-containers/pkg/attest/snp.go:154.2,154.45 1 1
github.com/Microsoft/confidential-sidecar-containers/pkg/attest/snp.go:158.2,159.16 2 1
github.com/Microsoft/confidential-sidecar-containers/pkg/attest/snp.go:162.2,162.42 1 1
github.com/Microsoft/confidential-sidecar-containers/pkg/attest/snp.go:166.2,167.16 2 1
github.com/Microsoft/confidential-sidecar-containers/pkg/attest/snp.go:170.2,170.45 1 1
github.com/Microsoft/confidential-sidecar-containers/pkg/attest/snp.go:174.2,175.16 2 1
github.com/Microsoft/confidential-sidecar-containers/pkg/attest/snp.go:178.2,178.49 1 1
github.com/Microsoft/confidential-sidecar-containers/pkg/attest/snp.go:182.2,183.16 2 1
github.com/Microsoft/confidential-sidecar-containers/pkg/attest/snp.go:186.2,186.42 1 1
github.com/Microsoft/confidential-sidecar-containers/pkg/attest/snp.go:190.2,191.16 2 1
github.com/Microsoft/confidential-sidecar-containers/pkg/attest/snp.go:194.2,194.44 1 1
github.com/Microsoft/confidential-sidecar-containers/pkg/attest/snp.go:198.2,201.16 3 1
github.com/Microsoft/confidential-sidecar-containers/pkg/attest/snp.go:204.2,204.43 1 1
github.com/Microsoft/confidential-sidecar-containers/pkg/attest/snp.go:208.2,209.16 2 1
github.com/Microsoft/confidential-sidecar-containers/pkg/attest/snp.go:212.2,212.40 1 1
github.com/Microsoft/confidential-sidecar-containers/pkg/attest/snp.go:216.2,217.16 2 1
github.com/Microsoft/confidential-sidecar-containers/pkg/attest/snp.go:220.2,220.43 1 1
github.com/Microsoft/confidential-sidecar-containers/pkg/attest/snp.go:224.2,225.16 2 1
github.com/Microsoft/confidential-sidecar-containers/pkg/attest/snp.go:228.2,228.43 1 1
github.com/Microsoft/confidential-sidecar-containers/pkg/attest/snp.go:232.2,232.20 1 1
github.com/Microsoft/confidential-sidecar-containers/pkg/attest/snp.go:120.16,122.3 1 0
github.com/Microsoft/confidential-sidecar-containers/pkg/attest/snp.go:123.42,125.3 1 1
github.com/Microsoft/confidential-sidecar-containers/pkg/attest/snp.go:128.16,130.3 1 0
github.com/Microsoft/confidential-sidecar-containers/pkg/attest/snp.go:131.41,133.3 1 1
github.com/Microsoft/confidential-sidecar-containers/pkg/attest/snp.go:143.16,145.3 1 0
github.com/Microsoft/confidential-sidecar-containers/pkg/attest/snp.go:146.44,148.3 1 1
github.com/Microsoft/confidential-sidecar-containers/pkg/attest/snp.go:151.16,153.3 1 0
github.com/Microsoft/confidential-sidecar-containers/pkg/attest/snp.go:154.45,156.3 1 1
github.com/Microsoft/confidential-sidecar-containers/pkg/attest/snp.go:159.16,161.3 1 0
github.com/Microsoft/confidential-sidecar-containers/pkg/attest/snp.go:162.42,164.3 1 1
github.com/Microsoft/confidential-sidecar-containers/pkg/attest/snp.go:167.16,169.3 1 0
github.com/Microsoft/confidential-sidecar-containers/pkg/attest/snp.go:170.45,172.3 1 1
github.com/Microsoft/confidential-sidecar-containers/pkg/attest/snp.go:175.16,177.3 1 0
github.com/Microsoft/confidential-sidecar-containers/pkg/attest/snp.go:178.49,180.3 1 1
github.com/Microsoft/confidential-sidecar-containers/pkg/attest/snp.go:183.16,185.3 1 0
github.com/Microsoft/confidential-sidecar-containers/pkg/attest/snp.go:186.42,188.3 1 1
github.com/Microsoft/confidential-sidecar-containers/pkg/attest/snp.go:191.16,193.3 1 0
github.com/Microsoft/confidential-sidecar-containers/pkg/attest/snp.go:194.44,196.3 1 1
github.com/Microsoft/confidential-sidecar-containers/pkg/attest/snp.go:201.16,203.3 1 0
github.com/Microsoft/confidential-sidecar-containers/pkg/attest/snp.go:204.43,206.3 1 1
github.com/Microsoft/confidential-sidecar-containers/pkg/attest/snp.go:209.16,211.3 1 0
github.com/Microsoft/confidential-sidecar-containers/pkg/attest/snp.go:212.40,214.3 1 1
github.com/Microsoft/confidential-sidecar-containers/pkg/attest/snp.go:217.16,219.3 1 0
github.com/Microsoft/confidential-sidecar-containers/pkg/attest/snp.go:220.43,222.3 1 1
github.com/Microsoft/confidential-sidecar-containers/pkg/attest/snp.go:225.16,227.3 1 0
github.com/Microsoft/confidential-sidecar-containers/pkg/attest/snp.go:228.43,230.3 1 1
github.com/Microsoft/confidential-sidecar-containers/pkg/attest/snp.go:237.83,238.10 1 0
github.com/Microsoft/confidential-sidecar-containers/pkg/attest/snp.go:242.2,242.48 1 0
github.com/Microsoft/confidential-sidecar-containers/pkg/attest/snp.go:238.10,240.3 1 0
github.com/Microsoft/confidential-sidecar-containers/pkg/attest/snp.go:247.86,250.25 2 0
github.com/Microsoft/confidential-sidecar-containers/pkg/attest/snp.go:254.2,255.28 2 0
github.com/Microsoft/confidential-sidecar-containers/pkg/attest/snp.go:265.2,267.16 3 0
github.com/Microsoft/confidential-sidecar-containers/pkg/attest/snp.go:289.2,289.29 1 0
github.com/Microsoft/confidential-sidecar-containers/pkg/attest/snp.go:293.2,293.25 1 0
github.com/Microsoft/confidential-sidecar-containers/pkg/attest/snp.go:250.25,252.3 1 0
github.com/Microsoft/confidential-sidecar-containers/pkg/attest/snp.go:255.28,257.3 1 0
github.com/Microsoft/confidential-sidecar-containers/pkg/attest/snp.go:267.16,274.17 4 0
github.com/Microsoft/confidential-sidecar-containers/pkg/attest/snp.go:279.3,282.17 3 0
github.com/Microsoft/confidential-sidecar-containers/pkg/attest/snp.go:274.17,276.4 1 0
github.com/Microsoft/confidential-sidecar-containers/pkg/attest/snp.go:282.17,284.4 1 0
github.com/Microsoft/confidential-sidecar-containers/pkg/attest/snp.go:285.8,287.3 1 0
github.com/Microsoft/confidential-sidecar-containers/pkg/attest/snp.go:289.29,291.3 1 0
github.com/Microsoft/confidential-sidecar-containers/pkg/attest/snp.go:302.74,304.21 2 0
github.com/Microsoft/confidential-sidecar-containers/pkg/attest/snp.go:309.2,313.16 4 0
github.com/Microsoft/confidential-sidecar-containers/pkg/attest/snp.go:318.2,321.16 3 0
github.com/Microsoft/confidential-sidecar-containers/pkg/attest/snp.go:325.2,325.29 1 0
github.com/Microsoft/confidential-sidecar-containers/pkg/attest/snp.go:329.2,329.25 1 0
github.com/Microsoft/confidential-sidecar-containers/pkg/attest/snp.go:304.21,306.3 1 0
github.com/Microsoft/confidential-sidecar-containers/pkg/attest/snp.go:313.16,315.3 1 0
github.com/Microsoft/confidential-sidecar-containers/pkg/attest/snp.go:321.16,323.3 1 0
github.com/Microsoft/confidential-sidecar-containers/pkg/attest/snp.go:325.29,327.3 1 0
