mode: set
github.com/Microsoft/confidential-sidecar-containers/pkg/skr/akv.go:43.91,49.30 2 1
github.com/Microsoft/confidential-sidecar-containers/pkg/skr/akv.go:53.2,54.30 2 1
github.com/Microsoft/confidential-sidecar-containers/pkg/skr/akv.go:60.2,62.35 2 1
github.com/Microsoft/confidential-sidecar-containers/pkg/skr/akv.go:75.2,76.16 2 1
github.com/Microsoft/confidential-sidecar-containers/pkg/skr/akv.go:80.2,81.16 2 1
github.com/Microsoft/confidential-sidecar-containers/pkg/skr/akv.go:85.2,85.47 1 1
github.com/Microsoft/confidential-sidecar-containers/pkg/skr/akv.go:49.30,51.3 1 1
github.com/Microsoft/confidential-sidecar-containers/pkg/skr/akv.go:54.30,56.3 1 1
github.com/Microsoft/confidential-sidecar-containers/pkg/skr/akv.go:62.35,65.3 1 1
github.com/Microsoft/confidential-sidecar-containers/pkg/skr/akv.go:65.8,65.42 1 1
github.com/Microsoft/confidential-sidecar-containers/pkg/skr/akv.go:65.42,68.3 1 1
github.com/Microsoft/confidential-sidecar-containers/pkg/skr/akv.go:68.8,68.42 1 1
github.com/Microsoft/confidential-sidecar-containers/pkg/skr/akv.go:68.42,71.3 1 0
github.com/Microsoft/confidential-sidecar-containers/pkg/skr/akv.go:71.8,73.3 1 1
github.com/Microsoft/confidential-sidecar-containers/pkg/skr/akv.go:76.16,78.3 1 1
github.com/Microsoft/confidential-sidecar-containers/pkg/skr/akv.go:81.16,83.3 1 0
github.com/Microsoft/confidential-sidecar-containers/pkg/skr/akv.go:98.41,100.26 2 1
github.com/Microsoft/confidential-sidecar-containers/pkg/skr/akv.go:103.2,103.12 1 1
github.com/Microsoft/confidential-sidecar-containers/pkg/skr/akv.go:100.26,102.3 1 1
github.com/Microsoft/confidential-sidecar-containers/pkg/skr/akv.go:107.68,110.16 3 0
github.com/Microsoft/confidential-sidecar-containers/pkg/skr/akv.go:113.2,113.61 1 0
github.com/Microsoft/confidential-sidecar-containers/pkg/skr/akv.go:116.2,116.12 1 0
github.com/Microsoft/confidential-sidecar-containers/pkg/skr/akv.go:110.16,112.3 1 0
github.com/Microsoft/confidential-sidecar-containers/pkg/skr/akv.go:113.61,115.3 1 0
github.com/Microsoft/confidential-sidecar-containers/pkg/skr/akv.go:120.98,122.16 2 1
github.com/Microsoft/confidential-sidecar-containers/pkg/skr/akv.go:125.2,125.35 1 1
github.com/Microsoft/confidential-sidecar-containers/pkg/skr/akv.go:122.16,124.3 1 1
github.com/Microsoft/confidential-sidecar-containers/pkg/skr/akv.go:129.73,131.16 2 1
github.com/Microsoft/confidential-sidecar-containers/pkg/skr/akv.go:135.2,136.16 2 1
github.com/Microsoft/confidential-sidecar-containers/pkg/skr/akv.go:140.2,140.18 1 1
github.com/Microsoft/confidential-sidecar-containers/pkg/skr/akv.go:131.16,133.3 1 1
github.com/Microsoft/confidential-sidecar-containers/pkg/skr/akv.go:136.16,138.3 1 1
github.com/Microsoft/confidential-sidecar-containers/pkg/skr/akv.go:145.90,149.16 2 1
github.com/Microsoft/confidential-sidecar-containers/pkg/skr/akv.go:153.2,154.54 2 1
github.com/Microsoft/confidential-sidecar-containers/pkg/skr/akv.go:165.2,165.121 1 1
github.com/Microsoft/confidential-sidecar-containers/pkg/skr/akv.go:169.2,169.12 1 1
github.com/Microsoft/confidential-sidecar-containers/pkg/skr/akv.go:149.16,151.3 1 0
github.com/Microsoft/confidential-sidecar-containers/pkg/skr/akv.go:154.54,156.17 2 1
github.com/Microsoft/confidential-sidecar-containers/pkg/skr/akv.go:160.3,160.37 1 1
github.com/Microsoft/confidential-sidecar-containers/pkg/skr/akv.go:156.17,158.4 1 0
github.com/Microsoft/confidential-sidecar-containers/pkg/skr/akv.go:165.121,167.3 1 1
github.com/Microsoft/confidential-sidecar-containers/pkg/skr/akv.go:273.141,276.16 2 0
github.com/Microsoft/confidential-sidecar-containers/pkg/skr/akv.go:280.2,295.16 3 0
github.com/Microsoft/confidential-sidecar-containers/pkg/skr/akv.go:299.2,303.16 4 0
github.com/Microsoft/confidential-sidecar-containers/pkg/skr/akv.go:307.2,308.16 2 0
github.com/Microsoft/confidential-sidecar-containers/pkg/skr/akv.go:312.2,313.74 2 0
github.com/Microsoft/confidential-sidecar-containers/pkg/skr/akv.go:317.2,317.25 1 0
github.com/Microsoft/confidential-sidecar-containers/pkg/skr/akv.go:276.16,278.3 1 0
github.com/Microsoft/confidential-sidecar-containers/pkg/skr/akv.go:295.16,297.3 1 0
github.com/Microsoft/confidential-sidecar-containers/pkg/skr/akv.go:303.16,305.3 1 0
github.com/Microsoft/confidential-sidecar-containers/pkg/skr/akv.go:308.16,310.3 1 0
github.com/Microsoft/confidential-sidecar-containers/pkg/skr/akv.go:313.74,315.3 1 0
github.com/Microsoft/confidential-sidecar-containers/pkg/skr/akv.go:328.130,336.16 3 0
github.com/Microsoft/confidential-sidecar-containers/pkg/skr/akv.go:340.2,343.16 3 0
github.com/Microsoft/confidential-sidecar-containers/pkg/skr/akv.go:347.2,348.16 2 0
github.com/Microsoft/confidential-sidecar-containers/pkg/skr/akv.go:353.2,354.74 2 0
github.com/Microsoft/confidential-sidecar-containers/pkg/skr/akv.go:358.2,358.64 1 0
github.com/Microsoft/confidential-sidecar-containers/pkg/skr/akv.go:336.16,338.3 1 0
github.com/Microsoft/confidential-sidecar-containers/pkg/skr/akv.go:343.16,345.3 1 0
github.com/Microsoft/confidential-sidecar-containers/pkg/skr/akv.go:348.16,350.3 1 0
github.com/Microsoft/confidential-sidecar-containers/pkg/skr/akv.go:354.74,356.3 1 0
github.com/Microsoft/confidential-sidecar-containers/pkg/skr/akv.go:370.114,372.47 1 0
github.com/Microsoft/confidential-sidecar-containers/pkg/skr/akv.go:377.2,378.61 2 0
github.com/Microsoft/confidential-sidecar-containers/pkg/skr/akv.go:382.2,383.16 2 0
github.com/Microsoft/confidential-sidecar-containers/pkg/skr/akv.go:387.2,388.9 2 0
github.com/Microsoft/confidential-sidecar-containers/pkg/skr/akv.go:393.2,394.16 2 0
github.com/Microsoft/confidential-sidecar-containers/pkg/skr/akv.go:402.2,404.31 2 0
github.com/Microsoft/confidential-sidecar-containers/pkg/skr/akv.go:420.2,420.77 1 0
github.com/Microsoft/confidential-sidecar-containers/pkg/skr/akv.go:425.2,426.67 2 0
github.com/Microsoft/confidential-sidecar-containers/pkg/skr/akv.go:431.2,432.16 2 0
github.com/Microsoft/confidential-sidecar-containers/pkg/skr/akv.go:436.2,437.65 2 0
github.com/Microsoft/confidential-sidecar-containers/pkg/skr/akv.go:442.2,443.16 2 0
github.com/Microsoft/confidential-sidecar-containers/pkg/skr/akv.go:447.2,448.16 2 0
github.com/Microsoft/confidential-sidecar-containers/pkg/skr/akv.go:452.2,452.51 1 0
github.com/Microsoft/confidential-sidecar-containers/pkg/skr/akv.go:372.47,374.3 1 0
github.com/Microsoft/confidential-sidecar-containers/pkg/skr/akv.go:378.61,380.3 1 0
github.com/Microsoft/confidential-sidecar-containers/pkg/skr/akv.go:383.16,385.3 1 0
github.com/Microsoft/confidential-sidecar-containers/pkg/skr/akv.go:388.9,390.3 1 0
github.com/Microsoft/confidential-sidecar-containers/pkg/skr/akv.go:394.16,396.3 1 0
github.com/Microsoft/confidential-sidecar-containers/pkg/skr/akv.go:404.31,408.17 3 0
github.com/Microsoft/confidential-sidecar-containers/pkg/skr/akv.go:412.3,412.33 1 0
github.com/Microsoft/confidential-sidecar-containers/pkg/skr/akv.go:408.17,410.4 1 0
github.com/Microsoft/confidential-sidecar-containers/pkg/skr/akv.go:413.8,415.17 2 0
github.com/Microsoft/confidential-sidecar-containers/pkg/skr/akv.go:415.17,417.4 1 0
github.com/Microsoft/confidential-sidecar-containers/pkg/skr/akv.go:420.77,422.3 1 0
github.com/Microsoft/confidential-sidecar-containers/pkg/skr/akv.go:426.67,428.3 1 0
github.com/Microsoft/confidential-sidecar-containers/pkg/skr/akv.go:432.16,434.3 1 0
github.com/Microsoft/confidential-sidecar-containers/pkg/skr/akv.go:437.65,439.3 1 0
github.com/Microsoft/confidential-sidecar-containers/pkg/skr/akv.go:443.16,445.3 1 0
github.com/Microsoft/confidential-sidecar-containers/pkg/skr/akv.go:448.16,450.3 1 0
github.com/Microsoft/confidential-sidecar-containers/pkg/skr/keywrap.go:49.78,54.12 4 1
github.com/Microsoft/confidential-sidecar-containers/pkg/skr/keywrap.go:102.2,105.47 3 1
github.com/Microsoft/confidential-sidecar-containers/pkg/skr/keywrap.go:109.2,113.52 4 1
github.com/Microsoft/confidential-sidecar-containers/pkg/skr/keywrap.go:117.2,119.33 2 1
github.com/Microsoft/confidential-sidecar-containers/pkg/skr/keywrap.go:125.2,128.23 3 1
github.com/Microsoft/confidential-sidecar-containers/pkg/skr/keywrap.go:54.12,66.3 4 1
github.com/Microsoft/confidential-sidecar-containers/pkg/skr/keywrap.go:66.8,71.20 2 1
github.com/Microsoft/confidential-sidecar-containers/pkg/skr/keywrap.go:75.3,78.27 2 1
github.com/Microsoft/confidential-sidecar-containers/pkg/skr/keywrap.go:93.3,93.22 1 1
github.com/Microsoft/confidential-sidecar-containers/pkg/skr/keywrap.go:71.20,74.4 2 1
github.com/Microsoft/confidential-sidecar-containers/pkg/skr/keywrap.go:78.27,79.28 1 1
github.com/Microsoft/confidential-sidecar-containers/pkg/skr/keywrap.go:79.28,89.5 7 1
github.com/Microsoft/confidential-sidecar-containers/pkg/skr/keywrap.go:105.47,107.3 1 1
github.com/Microsoft/confidential-sidecar-containers/pkg/skr/keywrap.go:113.52,115.3 1 0
github.com/Microsoft/confidential-sidecar-containers/pkg/skr/keywrap.go:119.33,120.20 1 1
github.com/Microsoft/confidential-sidecar-containers/pkg/skr/keywrap.go:120.20,122.4 1 0
github.com/Microsoft/confidential-sidecar-containers/pkg/skr/keywrap.go:131.41,134.35 3 1
github.com/Microsoft/confidential-sidecar-containers/pkg/skr/keywrap.go:138.2,138.12 1 1
github.com/Microsoft/confidential-sidecar-containers/pkg/skr/keywrap.go:134.35,136.3 1 1
github.com/Microsoft/confidential-sidecar-containers/pkg/skr/keywrap.go:141.46,143.22 2 1
github.com/Microsoft/confidential-sidecar-containers/pkg/skr/keywrap.go:146.2,146.12 1 1
github.com/Microsoft/confidential-sidecar-containers/pkg/skr/keywrap.go:143.22,145.3 1 1
github.com/Microsoft/confidential-sidecar-containers/pkg/skr/skr.go:60.158,73.16 4 0
github.com/Microsoft/confidential-sidecar-containers/pkg/skr/skr.go:78.2,79.16 2 0
github.com/Microsoft/confidential-sidecar-containers/pkg/skr/skr.go:84.2,85.16 2 0
github.com/Microsoft/confidential-sidecar-containers/pkg/skr/skr.go:93.2,93.38 1 0
github.com/Microsoft/confidential-sidecar-containers/pkg/skr/skr.go:117.2,118.16 2 0
github.com/Microsoft/confidential-sidecar-containers/pkg/skr/skr.go:123.2,125.38 2 0
github.com/Microsoft/confidential-sidecar-containers/pkg/skr/skr.go:73.16,75.3 1 0
github.com/Microsoft/confidential-sidecar-containers/pkg/skr/skr.go:79.16,81.3 1 0
github.com/Microsoft/confidential-sidecar-containers/pkg/skr/skr.go:85.16,87.3 1 0
github.com/Microsoft/confidential-sidecar-containers/pkg/skr/skr.go:93.38,97.62 2 0
github.com/Microsoft/confidential-sidecar-containers/pkg/skr/skr.go:103.3,104.17 2 0
github.com/Microsoft/confidential-sidecar-containers/pkg/skr/skr.go:109.3,110.53 2 0
github.com/Microsoft/confidential-sidecar-containers/pkg/skr/skr.go:97.62,99.4 1 0
github.com/Microsoft/confidential-sidecar-containers/pkg/skr/skr.go:99.9,101.4 1 0
github.com/Microsoft/confidential-sidecar-containers/pkg/skr/skr.go:104.17,106.4 1 0
github.com/Microsoft/confidential-sidecar-containers/pkg/skr/skr.go:118.16,121.3 2 0
github.com/Microsoft/confidential-sidecar-containers/pkg/skr/skr.go:125.38,128.17 3 0
github.com/Microsoft/confidential-sidecar-containers/pkg/skr/skr.go:131.3,131.20 1 0
github.com/Microsoft/confidential-sidecar-containers/pkg/skr/skr.go:128.17,130.4 1 0
github.com/Microsoft/confidential-sidecar-containers/pkg/skr/skr.go:132.8,132.45 1 0
github.com/Microsoft/confidential-sidecar-containers/pkg/skr/skr.go:132.45,134.17 2 0
github.com/Microsoft/confidential-sidecar-containers/pkg/skr/skr.go:138.3,142.17 4 0
github.com/Microsoft/confidential-sidecar-containers/pkg/skr/skr.go:145.3,145.20 1 0
github.com/Microsoft/confidential-sidecar-containers/pkg/skr/skr.go:134.17,136.4 1 0
github.com/Microsoft/confidential-sidecar-containers/pkg/skr/skr.go:142.17,144.4 1 0
github.com/Microsoft/confidential-sidecar-containers/pkg/skr/skr.go:146.8,148.3 1 0
